[36mINFO[0m[2023-05-04 23:21:21]E:/æˆ‘çš„é¡¹ç›®/IMèŠå¤©/code/utils/logrus.go:33 code/utils.Logger() log test                                     
[31mERROR[0m[2023-05-04 23:21:21]E:/æˆ‘çš„é¡¹ç›®/IMèŠå¤©/code/utils/logrus.go:34 code/utils.Logger() Error                                        
[36mINFO[0m[2023-05-04 23:21:21]E:/æˆ‘çš„é¡¹ç›®/IMèŠå¤©/code/utils/logrus.go:35 code/utils.Logger() Info                                         
[33mWARNING[0m[2023-05-04 23:21:21]E:/æˆ‘çš„é¡¹ç›®/IMèŠå¤©/code/utils/logrus.go:36 code/utils.Logger() Warn                                         
[36mINFO[0m[2023-05-04 23:25:16]E:/æˆ‘çš„é¡¹ç›®/IMèŠå¤©/code/utils/logrus.go:33 code/utils.Logger() log test                                     
[31mERROR[0m[2023-05-04 23:25:16]E:/æˆ‘çš„é¡¹ç›®/IMèŠå¤©/code/utils/logrus.go:34 code/utils.Logger() Error                                        
[36mINFO[0m[2023-05-04 23:25:16]E:/æˆ‘çš„é¡¹ç›®/IMèŠå¤©/code/utils/logrus.go:35 code/utils.Logger() Info                                         
[33mWARNING[0m[2023-05-04 23:25:16]E:/æˆ‘çš„é¡¹ç›®/IMèŠå¤©/code/utils/logrus.go:36 code/utils.Logger() Warn                                         
[36mINFO[0m[2023-05-04 23:30:46]E:/æˆ‘çš„é¡¹ç›®/IMèŠå¤©/code/utils/logrus.go:33 code/utils.Logger() log test                                     
[31mERROR[0m[2023-05-04 23:30:46]E:/æˆ‘çš„é¡¹ç›®/IMèŠå¤©/code/utils/logrus.go:34 code/utils.Logger() Error                                        
[36mINFO[0m[2023-05-04 23:30:46]E:/æˆ‘çš„é¡¹ç›®/IMèŠå¤©/code/utils/logrus.go:35 code/utils.Logger() Info                                         
[33mWARNING[0m[2023-05-04 23:30:46]E:/æˆ‘çš„é¡¹ç›®/IMèŠå¤©/code/utils/logrus.go:36 code/utils.Logger() Warn                                         
[36mINFO[0m[2023-05-04 23:30:51]E:/æˆ‘çš„é¡¹ç›®/IMèŠå¤©/code/utils/logrus.go:88 code/utils.Logger.func1()                                               [36mreq_method[0m=GET [36mreq_uri[0m=/getUserList [36mstatus_code[0m=200 [36mæ‰§è¡Œæ—¶é—´[0m=2.5755ms
[36mINFO[0m[2023-05-04 23:30:51]E:/æˆ‘çš„é¡¹ç›®/IMèŠå¤©/code/utils/logrus.go:88 code/utils.Logger.func1()                                               [36mreq_method[0m=GET [36mreq_uri[0m=/favicon.ico [36mstatus_code[0m=404 [36mæ‰§è¡Œæ—¶é—´[0m=0s
[36mINFO[0m[2023-05-04 23:31:51]E:/æˆ‘çš„é¡¹ç›®/IMèŠå¤©/code/utils/logrus.go:88 code/utils.Logger.func1()                                               [36mreq_method[0m=GET [36mreq_uri[0m=/getUserList [36mstatus_code[0m=200 [36mæ‰§è¡Œæ—¶é—´[0m=1.6407ms
[36mINFO[0m[2023-05-04 23:35:37]E:/æˆ‘çš„é¡¹ç›®/IMèŠå¤©/code/utils/logrus.go:33 code/utils.Logger() log test                                     
[31mERROR[0m[2023-05-04 23:35:37]E:/æˆ‘çš„é¡¹ç›®/IMèŠå¤©/code/utils/logrus.go:34 code/utils.Logger() Error                                        
[36mINFO[0m[2023-05-04 23:35:37]E:/æˆ‘çš„é¡¹ç›®/IMèŠå¤©/code/utils/logrus.go:35 code/utils.Logger() Info                                         
[33mWARNING[0m[2023-05-04 23:35:37]E:/æˆ‘çš„é¡¹ç›®/IMèŠå¤©/code/utils/logrus.go:36 code/utils.Logger() Warn                                         
[36mINFO[0m[2023-05-04 23:35:43]E:/æˆ‘çš„é¡¹ç›®/IMèŠå¤©/code/utils/logrus.go:88 code/utils.Logger.func1()                                               [36mreq_method[0m=GET [36mreq_uri[0m=/getUserList [36mstatus_code[0m=200 [36mæ‰§è¡Œæ—¶é—´[0m=1.99ms
[36mINFO[0m[2023-05-04 23:36:05]E:/æˆ‘çš„é¡¹ç›®/IMèŠå¤©/code/utils/logrus.go:33 code/utils.Logger() log test                                     
[31mERROR[0m[2023-05-04 23:36:05]E:/æˆ‘çš„é¡¹ç›®/IMèŠå¤©/code/utils/logrus.go:34 code/utils.Logger() Error                                        
[36mINFO[0m[2023-05-04 23:36:05]E:/æˆ‘çš„é¡¹ç›®/IMèŠå¤©/code/utils/logrus.go:35 code/utils.Logger() Info                                         
[33mWARNING[0m[2023-05-04 23:36:05]E:/æˆ‘çš„é¡¹ç›®/IMèŠå¤©/code/utils/logrus.go:36 code/utils.Logger() Warn                                         
[36mINFO[0m[2023-05-04 23:37:41]E:/æˆ‘çš„é¡¹ç›®/IMèŠå¤©/code/utils/logrus.go:88 code/utils.Logger.func1()                                               [36mreq_method[0m=GET [36mreq_uri[0m=/getUserList [36mstatus_code[0m=200 [36mæ‰§è¡Œæ—¶é—´[0m=3.9957ms
[36mINFO[0m[2023-05-04 23:40:18]E:/æˆ‘çš„é¡¹ç›®/IMèŠå¤©/code/utils/logrus.go:33 code/utils.Logger() log test                                     
[31mERROR[0m[2023-05-04 23:40:18]E:/æˆ‘çš„é¡¹ç›®/IMèŠå¤©/code/utils/logrus.go:34 code/utils.Logger() Error                                        
[36mINFO[0m[2023-05-04 23:40:18]E:/æˆ‘çš„é¡¹ç›®/IMèŠå¤©/code/utils/logrus.go:35 code/utils.Logger() Info                                         
[33mWARNING[0m[2023-05-04 23:40:18]E:/æˆ‘çš„é¡¹ç›®/IMèŠå¤©/code/utils/logrus.go:36 code/utils.Logger() Warn                                         
[36mINFO[0m[2023-05-04 23:40:24]E:/æˆ‘çš„é¡¹ç›®/IMèŠå¤©/code/utils/logrus.go:88 code/utils.Logger.func1()                                               [36mreq_method[0m=GET [36mreq_uri[0m=/getUserList [36mstatus_code[0m=200 [36mæ‰§è¡Œæ—¶é—´[0m=2.0058ms
[36mINFO[0m[2023-05-04 23:43:37]E:/æˆ‘çš„é¡¹ç›®/IMèŠå¤©/code/utils/logrus.go:33 code/utils.Logger() log test                                     
[31mERROR[0m[2023-05-04 23:43:37]E:/æˆ‘çš„é¡¹ç›®/IMèŠå¤©/code/utils/logrus.go:34 code/utils.Logger() Error                                        
[36mINFO[0m[2023-05-04 23:43:37]E:/æˆ‘çš„é¡¹ç›®/IMèŠå¤©/code/utils/logrus.go:35 code/utils.Logger() Info                                         
[33mWARNING[0m[2023-05-04 23:43:37]E:/æˆ‘çš„é¡¹ç›®/IMèŠå¤©/code/utils/logrus.go:36 code/utils.Logger() Warn                                         
[36mINFO[0m[2023-05-04 23:43:42]E:/æˆ‘çš„é¡¹ç›®/IMèŠå¤©/code/utils/logrus.go:88 code/utils.Logger.func1()                                               [36mreq_method[0m=GET [36mreq_uri[0m=/getUserList [36mstatus_code[0m=200 [36mæ‰§è¡Œæ—¶é—´[0m=10.9879ms
[36mINFO[0m[2023-05-04 23:45:56]E:/æˆ‘çš„é¡¹ç›®/IMèŠå¤©/code/utils/logrus.go:33 code/utils.Logger() log test                                     
[31mERROR[0m[2023-05-04 23:45:56]E:/æˆ‘çš„é¡¹ç›®/IMèŠå¤©/code/utils/logrus.go:34 code/utils.Logger() Error                                        
[36mINFO[0m[2023-05-04 23:45:56]E:/æˆ‘çš„é¡¹ç›®/IMèŠå¤©/code/utils/logrus.go:35 code/utils.Logger() Info                                         
[33mWARNING[0m[2023-05-04 23:45:56]E:/æˆ‘çš„é¡¹ç›®/IMèŠå¤©/code/utils/logrus.go:36 code/utils.Logger() Warn                                         
[36mINFO[0m[2023-05-04 23:46:05]E:/æˆ‘çš„é¡¹ç›®/IMèŠå¤©/code/utils/logrus.go:88 code/utils.Logger.func1()                                               [36mreq_method[0m=GET [36mreq_uri[0m=/getUserList [36mstatus_code[0m=200 [36mæ‰§è¡Œæ—¶é—´[0m=3.1129ms
[36mINFO[0m[2023-05-04 23:47:35]E:/æˆ‘çš„é¡¹ç›®/IMèŠå¤©/code/utils/logrus.go:88 code/utils.Logger.func1()                                               [36mreq_method[0m=GET [36mreq_uri[0m=/getUserList [36mstatus_code[0m=200 [36mæ‰§è¡Œæ—¶é—´[0m=3.3409ms
[36mINFO[0m[2023-05-04 23:47:45]E:/æˆ‘çš„é¡¹ç›®/IMèŠå¤©/code/utils/logrus.go:33 code/utils.Logger() log test                                     
[31mERROR[0m[2023-05-04 23:47:45]E:/æˆ‘çš„é¡¹ç›®/IMèŠå¤©/code/utils/logrus.go:34 code/utils.Logger() Error                                        
[36mINFO[0m[2023-05-04 23:47:45]E:/æˆ‘çš„é¡¹ç›®/IMèŠå¤©/code/utils/logrus.go:35 code/utils.Logger() Info                                         
[33mWARNING[0m[2023-05-04 23:47:45]E:/æˆ‘çš„é¡¹ç›®/IMèŠå¤©/code/utils/logrus.go:36 code/utils.Logger() Warn                                         
[36mINFO[0m[2023-05-04 23:47:52]E:/æˆ‘çš„é¡¹ç›®/IMèŠå¤©/code/utils/logrus.go:88 code/utils.Logger.func1()                                               [36mreq_method[0m=GET [36mreq_uri[0m=/getUserList [36mstatus_code[0m=200 [36mæ‰§è¡Œæ—¶é—´[0m=11.31ms
[36mINFO[0m[2023-05-05 00:24:33]E:/æˆ‘çš„é¡¹ç›®/IMèŠå¤©/code/utils/logrus.go:33 code/utils.Logger() log test                                     
[31mERROR[0m[2023-05-05 00:24:33]E:/æˆ‘çš„é¡¹ç›®/IMèŠå¤©/code/utils/logrus.go:34 code/utils.Logger() Error                                        
[36mINFO[0m[2023-05-05 00:24:33]E:/æˆ‘çš„é¡¹ç›®/IMèŠå¤©/code/utils/logrus.go:35 code/utils.Logger() Info                                         
[33mWARNING[0m[2023-05-05 00:24:33]E:/æˆ‘çš„é¡¹ç›®/IMèŠå¤©/code/utils/logrus.go:36 code/utils.Logger() Warn                                         
[36mINFO[0m[2023-05-05 00:25:45]E:/æˆ‘çš„é¡¹ç›®/IMèŠå¤©/code/utils/logrus.go:88 code/utils.Logger.func1()                                               [36mreq_method[0m=GET [36mreq_uri[0m=/getUserList [36mstatus_code[0m=200 [36mæ‰§è¡Œæ—¶é—´[0m=12.4072ms
[36mINFO[0m[2023-05-05 00:25:58]E:/æˆ‘çš„é¡¹ç›®/IMèŠå¤©/code/utils/logrus.go:88 code/utils.Logger.func1()                                               [36mreq_method[0m=GET [36mreq_uri[0m=/createUser [36mstatus_code[0m=404 [36mæ‰§è¡Œæ—¶é—´[0m=0s
[36mINFO[0m[2023-05-05 00:26:22]E:/æˆ‘çš„é¡¹ç›®/IMèŠå¤©/code/utils/logrus.go:88 code/utils.Logger.func1()                                               [36mreq_method[0m=POST [36mreq_uri[0m=/createUser [36mstatus_code[0m=200 [36mæ‰§è¡Œæ—¶é—´[0m=42.9361ms
[36mINFO[0m[2023-05-05 00:26:41]E:/æˆ‘çš„é¡¹ç›®/IMèŠå¤©/code/utils/logrus.go:88 code/utils.Logger.func1()                                               [36mreq_method[0m=GET [36mreq_uri[0m=/createUser [36mstatus_code[0m=404 [36mæ‰§è¡Œæ—¶é—´[0m=0s
[36mINFO[0m[2023-05-05 00:26:54]E:/æˆ‘çš„é¡¹ç›®/IMèŠå¤©/code/utils/logrus.go:88 code/utils.Logger.func1()                                               [36mreq_method[0m=POST [36mreq_uri[0m=/createUser [36mstatus_code[0m=200 [36mæ‰§è¡Œæ—¶é—´[0m=30.9782ms
[36mINFO[0m[2023-05-07 23:07:08]E:/æˆ‘çš„é¡¹ç›®/IMèŠå¤©/code/utils/logrus.go:88 code/utils.Logger.func1()                                               [36mreq_method[0m=GET [36mreq_uri[0m=/getUserList [36mstatus_code[0m=200 [36mæ‰§è¡Œæ—¶é—´[0m=175.0871ms
[36mINFO[0m[2023-05-07 23:07:25]E:/æˆ‘çš„é¡¹ç›®/IMèŠå¤©/code/utils/logrus.go:88 code/utils.Logger.func1()                                               [36mreq_method[0m=POST [36mreq_uri[0m=/createUser [36mstatus_code[0m=200 [36mæ‰§è¡Œæ—¶é—´[0m=47.1102ms
[36mINFO[0m[2023-05-07 23:26:17]E:/æˆ‘çš„é¡¹ç›®/IMèŠå¤©/code/utils/logrus.go:88 code/utils.Logger.func1()                                               [36mreq_method[0m=POST [36mreq_uri[0m=/createUser [36mstatus_code[0m=200 [36mæ‰§è¡Œæ—¶é—´[0m=43.1717ms
[36mINFO[0m[2023-05-07 23:26:34]E:/æˆ‘çš„é¡¹ç›®/IMèŠå¤©/code/utils/logrus.go:33 code/utils.Logger() log test                                     
[31mERROR[0m[2023-05-07 23:26:34]E:/æˆ‘çš„é¡¹ç›®/IMèŠå¤©/code/utils/logrus.go:34 code/utils.Logger() Error                                        
[36mINFO[0m[2023-05-07 23:26:34]E:/æˆ‘çš„é¡¹ç›®/IMèŠå¤©/code/utils/logrus.go:35 code/utils.Logger() Info                                         
[33mWARNING[0m[2023-05-07 23:26:34]E:/æˆ‘çš„é¡¹ç›®/IMèŠå¤©/code/utils/logrus.go:36 code/utils.Logger() Warn                                         
[36mINFO[0m[2023-05-07 23:27:07]E:/æˆ‘çš„é¡¹ç›®/IMèŠå¤©/code/utils/logrus.go:88 code/utils.Logger.func1()                                               [36mreq_method[0m=POST [36mreq_uri[0m=/createUser [36mstatus_code[0m=200 [36mæ‰§è¡Œæ—¶é—´[0m=53.9884ms
[36mINFO[0m[2023-05-07 23:33:19]E:/æˆ‘çš„é¡¹ç›®/IMèŠå¤©/code/utils/logrus.go:33 code/utils.Logger() log test                                     
[31mERROR[0m[2023-05-07 23:33:19]E:/æˆ‘çš„é¡¹ç›®/IMèŠå¤©/code/utils/logrus.go:34 code/utils.Logger() Error                                        
[36mINFO[0m[2023-05-07 23:33:19]E:/æˆ‘çš„é¡¹ç›®/IMèŠå¤©/code/utils/logrus.go:35 code/utils.Logger() Info                                         
[33mWARNING[0m[2023-05-07 23:33:19]E:/æˆ‘çš„é¡¹ç›®/IMèŠå¤©/code/utils/logrus.go:36 code/utils.Logger() Warn                                         
[36mINFO[0m[2023-05-07 23:37:34]E:/æˆ‘çš„é¡¹ç›®/IMèŠå¤©/code/utils/logrus.go:88 code/utils.Logger.func1()                                               [36mreq_method[0m=POST [36mreq_uri[0m=/createUser [36mstatus_code[0m=200 [36mæ‰§è¡Œæ—¶é—´[0m=50.4882ms
[36mINFO[0m[2023-05-07 23:38:23]E:/æˆ‘çš„é¡¹ç›®/IMèŠå¤©/code/utils/logrus.go:33 code/utils.Logger() log test                                     
[31mERROR[0m[2023-05-07 23:38:23]E:/æˆ‘çš„é¡¹ç›®/IMèŠå¤©/code/utils/logrus.go:34 code/utils.Logger() Error                                        
[36mINFO[0m[2023-05-07 23:38:23]E:/æˆ‘çš„é¡¹ç›®/IMèŠå¤©/code/utils/logrus.go:35 code/utils.Logger() Info                                         
[33mWARNING[0m[2023-05-07 23:38:23]E:/æˆ‘çš„é¡¹ç›®/IMèŠå¤©/code/utils/logrus.go:36 code/utils.Logger() Warn                                         
[36mINFO[0m[2023-05-07 23:38:52]E:/æˆ‘çš„é¡¹ç›®/IMèŠå¤©/code/utils/logrus.go:88 code/utils.Logger.func1()                                               [36mreq_method[0m=POST [36mreq_uri[0m=/createUser [36mstatus_code[0m=200 [36mæ‰§è¡Œæ—¶é—´[0m=102.898ms
[36mINFO[0m[2023-05-07 23:39:48]E:/æˆ‘çš„é¡¹ç›®/IMèŠå¤©/code/utils/logrus.go:33 code/utils.Logger() log test                                     
[31mERROR[0m[2023-05-07 23:39:48]E:/æˆ‘çš„é¡¹ç›®/IMèŠå¤©/code/utils/logrus.go:34 code/utils.Logger() Error                                        
[36mINFO[0m[2023-05-07 23:39:48]E:/æˆ‘çš„é¡¹ç›®/IMèŠå¤©/code/utils/logrus.go:35 code/utils.Logger() Info                                         
[33mWARNING[0m[2023-05-07 23:39:48]E:/æˆ‘çš„é¡¹ç›®/IMèŠå¤©/code/utils/logrus.go:36 code/utils.Logger() Warn                                         
[36mINFO[0m[2023-05-07 23:40:07]E:/æˆ‘çš„é¡¹ç›®/IMèŠå¤©/code/utils/logrus.go:88 code/utils.Logger.func1()                                               [36mreq_method[0m=POST [36mreq_uri[0m=/createUser [36mstatus_code[0m=200 [36mæ‰§è¡Œæ—¶é—´[0m=69.1876ms
[36mINFO[0m[2023-05-08 00:03:02]E:/æˆ‘çš„é¡¹ç›®/IMèŠå¤©/code/utils/logrus.go:33 code/utils.Logger() log test                                     
[31mERROR[0m[2023-05-08 00:03:02]E:/æˆ‘çš„é¡¹ç›®/IMèŠå¤©/code/utils/logrus.go:34 code/utils.Logger() Error                                        
[36mINFO[0m[2023-05-08 00:03:02]E:/æˆ‘çš„é¡¹ç›®/IMèŠå¤©/code/utils/logrus.go:35 code/utils.Logger() Info                                         
[33mWARNING[0m[2023-05-08 00:03:02]E:/æˆ‘çš„é¡¹ç›®/IMèŠå¤©/code/utils/logrus.go:36 code/utils.Logger() Warn                                         
[36mINFO[0m[2023-05-08 00:03:23]E:/æˆ‘çš„é¡¹ç›®/IMèŠå¤©/code/utils/logrus.go:88 code/utils.Logger.func1()                                               [36mreq_method[0m=POST [36mreq_uri[0m=/createUser [36mstatus_code[0m=200 [36mæ‰§è¡Œæ—¶é—´[0m=20.3884ms
[36mINFO[0m[2023-05-08 00:07:26]E:/æˆ‘çš„é¡¹ç›®/IMèŠå¤©/code/utils/logrus.go:33 code/utils.Logger() log test                                     
[31mERROR[0m[2023-05-08 00:07:26]E:/æˆ‘çš„é¡¹ç›®/IMèŠå¤©/code/utils/logrus.go:34 code/utils.Logger() Error                                        
[36mINFO[0m[2023-05-08 00:07:26]E:/æˆ‘çš„é¡¹ç›®/IMèŠå¤©/code/utils/logrus.go:35 code/utils.Logger() Info                                         
[33mWARNING[0m[2023-05-08 00:07:26]E:/æˆ‘çš„é¡¹ç›®/IMèŠå¤©/code/utils/logrus.go:36 code/utils.Logger() Warn                                         
[36mINFO[0m[2023-05-08 00:07:33]E:/æˆ‘çš„é¡¹ç›®/IMèŠå¤©/code/utils/logrus.go:88 code/utils.Logger.func1()                                               [36mreq_method[0m=POST [36mreq_uri[0m=/createUser [36mstatus_code[0m=200 [36mæ‰§è¡Œæ—¶é—´[0m=1.2005ms
[36mINFO[0m[2023-05-08 00:09:37]E:/æˆ‘çš„é¡¹ç›®/IMèŠå¤©/code/utils/logrus.go:33 code/utils.Logger() log test                                     
[31mERROR[0m[2023-05-08 00:09:37]E:/æˆ‘çš„é¡¹ç›®/IMèŠå¤©/code/utils/logrus.go:34 code/utils.Logger() Error                                        
[36mINFO[0m[2023-05-08 00:09:37]E:/æˆ‘çš„é¡¹ç›®/IMèŠå¤©/code/utils/logrus.go:35 code/utils.Logger() Info                                         
[33mWARNING[0m[2023-05-08 00:09:37]E:/æˆ‘çš„é¡¹ç›®/IMèŠå¤©/code/utils/logrus.go:36 code/utils.Logger() Warn                                         
[36mINFO[0m[2023-05-08 00:09:45]E:/æˆ‘çš„é¡¹ç›®/IMèŠå¤©/code/utils/logrus.go:88 code/utils.Logger.func1()                                               [36mreq_method[0m=POST [36mreq_uri[0m=/createUser [36mstatus_code[0m=200 [36mæ‰§è¡Œæ—¶é—´[0m=20.144ms
[36mINFO[0m[2023-05-08 00:13:38]E:/æˆ‘çš„é¡¹ç›®/IMèŠå¤©/code/utils/logrus.go:33 code/utils.Logger() log test                                     
[31mERROR[0m[2023-05-08 00:13:38]E:/æˆ‘çš„é¡¹ç›®/IMèŠå¤©/code/utils/logrus.go:34 code/utils.Logger() Error                                        
[36mINFO[0m[2023-05-08 00:13:38]E:/æˆ‘çš„é¡¹ç›®/IMèŠå¤©/code/utils/logrus.go:35 code/utils.Logger() Info                                         
[33mWARNING[0m[2023-05-08 00:13:38]E:/æˆ‘çš„é¡¹ç›®/IMèŠå¤©/code/utils/logrus.go:36 code/utils.Logger() Warn                                         
[36mINFO[0m[2023-05-08 00:13:44]E:/æˆ‘çš„é¡¹ç›®/IMèŠå¤©/code/utils/logrus.go:88 code/utils.Logger.func1()                                               [36mreq_method[0m=POST [36mreq_uri[0m=/createUser [36mstatus_code[0m=200 [36mæ‰§è¡Œæ—¶é—´[0m=29.4163ms
[36mINFO[0m[2023-05-08 00:18:09]E:/æˆ‘çš„é¡¹ç›®/IMèŠå¤©/code/utils/logrus.go:33 code/utils.Logger() log test                                     
[31mERROR[0m[2023-05-08 00:18:09]E:/æˆ‘çš„é¡¹ç›®/IMèŠå¤©/code/utils/logrus.go:34 code/utils.Logger() Error                                        
[36mINFO[0m[2023-05-08 00:18:09]E:/æˆ‘çš„é¡¹ç›®/IMèŠå¤©/code/utils/logrus.go:35 code/utils.Logger() Info                                         
[33mWARNING[0m[2023-05-08 00:18:09]E:/æˆ‘çš„é¡¹ç›®/IMèŠå¤©/code/utils/logrus.go:36 code/utils.Logger() Warn                                         
[36mINFO[0m[2023-05-08 00:18:16]E:/æˆ‘çš„é¡¹ç›®/IMèŠå¤©/code/utils/logrus.go:88 code/utils.Logger.func1()                                               [36mreq_method[0m=POST [36mreq_uri[0m=/createUser [36mstatus_code[0m=200 [36mæ‰§è¡Œæ—¶é—´[0m=1.535ms
[36mINFO[0m[2023-05-08 00:20:06]E:/æˆ‘çš„é¡¹ç›®/IMèŠå¤©/code/utils/logrus.go:33 code/utils.Logger() log test                                     
[31mERROR[0m[2023-05-08 00:20:06]E:/æˆ‘çš„é¡¹ç›®/IMèŠå¤©/code/utils/logrus.go:34 code/utils.Logger() Error                                        
[36mINFO[0m[2023-05-08 00:20:06]E:/æˆ‘çš„é¡¹ç›®/IMèŠå¤©/code/utils/logrus.go:35 code/utils.Logger() Info                                         
[33mWARNING[0m[2023-05-08 00:20:06]E:/æˆ‘çš„é¡¹ç›®/IMèŠå¤©/code/utils/logrus.go:36 code/utils.Logger() Warn                                         
[36mINFO[0m[2023-05-08 00:20:24]E:/æˆ‘çš„é¡¹ç›®/IMèŠå¤©/code/utils/logrus.go:88 code/utils.Logger.func1()                                               [36mreq_method[0m=POST [36mreq_uri[0m=/createUser [36mstatus_code[0m=200 [36mæ‰§è¡Œæ—¶é—´[0m=58.9775ms
[36mINFO[0m[2023-05-08 00:22:00]E:/æˆ‘çš„é¡¹ç›®/IMèŠå¤©/code/utils/logrus.go:33 code/utils.Logger() log test                                     
[31mERROR[0m[2023-05-08 00:22:00]E:/æˆ‘çš„é¡¹ç›®/IMèŠå¤©/code/utils/logrus.go:34 code/utils.Logger() Error                                        
[36mINFO[0m[2023-05-08 00:22:00]E:/æˆ‘çš„é¡¹ç›®/IMèŠå¤©/code/utils/logrus.go:35 code/utils.Logger() Info                                         
[33mWARNING[0m[2023-05-08 00:22:00]E:/æˆ‘çš„é¡¹ç›®/IMèŠå¤©/code/utils/logrus.go:36 code/utils.Logger() Warn                                         
[36mINFO[0m[2023-05-08 00:22:19]E:/æˆ‘çš„é¡¹ç›®/IMèŠå¤©/code/utils/logrus.go:88 code/utils.Logger.func1()                                               [36mreq_method[0m=POST [36mreq_uri[0m=/createUser [36mstatus_code[0m=200 [36mæ‰§è¡Œæ—¶é—´[0m=77.8476ms
[36mINFO[0m[2023-05-08 23:26:16]E:/æˆ‘çš„é¡¹ç›®/IMèŠå¤©/code/utils/logrus.go:33 code/utils.Logger() log test                                     
[31mERROR[0m[2023-05-08 23:26:16]E:/æˆ‘çš„é¡¹ç›®/IMèŠå¤©/code/utils/logrus.go:34 code/utils.Logger() Error                                        
[36mINFO[0m[2023-05-08 23:26:16]E:/æˆ‘çš„é¡¹ç›®/IMèŠå¤©/code/utils/logrus.go:35 code/utils.Logger() Info                                         
[33mWARNING[0m[2023-05-08 23:26:16]E:/æˆ‘çš„é¡¹ç›®/IMèŠå¤©/code/utils/logrus.go:36 code/utils.Logger() Warn                                         
[36mINFO[0m[2023-05-08 23:26:51]E:/æˆ‘çš„é¡¹ç›®/IMèŠå¤©/code/utils/logrus.go:88 code/utils.Logger.func1()                                               [36mreq_method[0m=POST [36mreq_uri[0m=/createUser [36mstatus_code[0m=200 [36mæ‰§è¡Œæ—¶é—´[0m=45.0355ms
[36mINFO[0m[2023-05-08 23:28:54]E:/æˆ‘çš„é¡¹ç›®/IMèŠå¤©/code/utils/logrus.go:33 code/utils.Logger() log test                                     
[31mERROR[0m[2023-05-08 23:28:54]E:/æˆ‘çš„é¡¹ç›®/IMèŠå¤©/code/utils/logrus.go:34 code/utils.Logger() Error                                        
[36mINFO[0m[2023-05-08 23:28:54]E:/æˆ‘çš„é¡¹ç›®/IMèŠå¤©/code/utils/logrus.go:35 code/utils.Logger() Info                                         
[33mWARNING[0m[2023-05-08 23:28:54]E:/æˆ‘çš„é¡¹ç›®/IMèŠå¤©/code/utils/logrus.go:36 code/utils.Logger() Warn                                         
[36mINFO[0m[2023-05-08 23:29:20]E:/æˆ‘çš„é¡¹ç›®/IMèŠå¤©/code/utils/logrus.go:88 code/utils.Logger.func1()                                               [36mreq_method[0m=POST [36mreq_uri[0m=/createUser [36mstatus_code[0m=200 [36mæ‰§è¡Œæ—¶é—´[0m=47.9807ms
[36mINFO[0m[2023-05-09 00:22:51]E:/æˆ‘çš„é¡¹ç›®/IMèŠå¤©/code/utils/logrus.go:33 code/utils.Logger() log test                                     
[31mERROR[0m[2023-05-09 00:22:51]E:/æˆ‘çš„é¡¹ç›®/IMèŠå¤©/code/utils/logrus.go:34 code/utils.Logger() Error                                        
[36mINFO[0m[2023-05-09 00:22:51]E:/æˆ‘çš„é¡¹ç›®/IMèŠå¤©/code/utils/logrus.go:35 code/utils.Logger() Info                                         
[33mWARNING[0m[2023-05-09 00:22:51]E:/æˆ‘çš„é¡¹ç›®/IMèŠå¤©/code/utils/logrus.go:36 code/utils.Logger() Warn                                         
[36mINFO[0m[2023-05-09 00:23:54]E:/æˆ‘çš„é¡¹ç›®/IMèŠå¤©/code/utils/logrus.go:33 code/utils.Logger() log test                                     
[31mERROR[0m[2023-05-09 00:23:54]E:/æˆ‘çš„é¡¹ç›®/IMèŠå¤©/code/utils/logrus.go:34 code/utils.Logger() Error                                        
[36mINFO[0m[2023-05-09 00:23:54]E:/æˆ‘çš„é¡¹ç›®/IMèŠå¤©/code/utils/logrus.go:35 code/utils.Logger() Info                                         
[33mWARNING[0m[2023-05-09 00:23:54]E:/æˆ‘çš„é¡¹ç›®/IMèŠå¤©/code/utils/logrus.go:36 code/utils.Logger() Warn                                         
[36mINFO[0m[2023-05-09 00:24:21]E:/æˆ‘çš„é¡¹ç›®/IMèŠå¤©/code/utils/logrus.go:88 code/utils.Logger.func1()                                               [36mreq_method[0m=POST [36mreq_uri[0m=/createUser [36mstatus_code[0m=200 [36mæ‰§è¡Œæ—¶é—´[0m=59.0534ms
[36mINFO[0m[2023-06-19 22:26:25]E:/æˆ‘çš„é¡¹ç›®/IMèŠå¤©/code/utils/logrus.go:33 code/utils.Logger() log test                                     
[31mERROR[0m[2023-06-19 22:26:25]E:/æˆ‘çš„é¡¹ç›®/IMèŠå¤©/code/utils/logrus.go:34 code/utils.Logger() Error                                        
[36mINFO[0m[2023-06-19 22:26:25]E:/æˆ‘çš„é¡¹ç›®/IMèŠå¤©/code/utils/logrus.go:35 code/utils.Logger() Info                                         
[33mWARNING[0m[2023-06-19 22:26:25]E:/æˆ‘çš„é¡¹ç›®/IMèŠå¤©/code/utils/logrus.go:36 code/utils.Logger() Warn                                         
[36mINFO[0m[2023-06-19 22:27:07]E:/æˆ‘çš„é¡¹ç›®/IMèŠå¤©/code/utils/logrus.go:88 code/utils.Logger.func1()                                               [36mreq_method[0m=GET [36mreq_uri[0m=/getUserList [36mstatus_code[0m=200 [36mæ‰§è¡Œæ—¶é—´[0m=13.7351ms
[36mINFO[0m[2023-06-19 22:27:44]E:/æˆ‘çš„é¡¹ç›®/IMèŠå¤©/code/utils/logrus.go:88 code/utils.Logger.func1()                                               [36mreq_method[0m=GET [36mreq_uri[0m="/DeleteUser?1" [36mstatus_code[0m=404 [36mæ‰§è¡Œæ—¶é—´[0m=0s
[36mINFO[0m[2023-06-19 22:27:44]E:/æˆ‘çš„é¡¹ç›®/IMèŠå¤©/code/utils/logrus.go:88 code/utils.Logger.func1()                                               [36mreq_method[0m=GET [36mreq_uri[0m=/favicon.ico [36mstatus_code[0m=404 [36mæ‰§è¡Œæ—¶é—´[0m=0s
[36mINFO[0m[2023-06-19 22:27:50]E:/æˆ‘çš„é¡¹ç›®/IMèŠå¤©/code/utils/logrus.go:88 code/utils.Logger.func1()                                               [36mreq_method[0m=GET [36mreq_uri[0m="/DeleteUser?id=1" [36mstatus_code[0m=404 [36mæ‰§è¡Œæ—¶é—´[0m=0s
[36mINFO[0m[2023-06-19 22:35:45]E:/æˆ‘çš„é¡¹ç›®/IMèŠå¤©/code/utils/logrus.go:88 code/utils.Logger.func1()                                               [36mreq_method[0m=GET [36mreq_uri[0m="/deleteUser?id=1" [36mstatus_code[0m=200 [36mæ‰§è¡Œæ—¶é—´[0m=34.4585ms
[36mINFO[0m[2023-06-19 22:39:52]E:/æˆ‘çš„é¡¹ç›®/IMèŠå¤©/code/utils/logrus.go:88 code/utils.Logger.func1()                                               [36mreq_method[0m=GET [36mreq_uri[0m=/getUserList [36mstatus_code[0m=200 [36mæ‰§è¡Œæ—¶é—´[0m=8.1327ms
[36mINFO[0m[2023-06-19 22:50:21]E:/æˆ‘çš„é¡¹ç›®/IMèŠå¤©/code/utils/logrus.go:88 code/utils.Logger.func1()                                               [36mreq_method[0m=GET [36mreq_uri[0m="/updateUser?id=2&name=%E6%96%A9%E6%9D%80&password=123456" [36mstatus_code[0m=404 [36mæ‰§è¡Œæ—¶é—´[0m=0s
[36mINFO[0m[2023-06-19 22:50:45]E:/æˆ‘çš„é¡¹ç›®/IMèŠå¤©/code/utils/logrus.go:88 code/utils.Logger.func1()                                               [36mreq_method[0m=GET [36mreq_uri[0m="/updateUser?id=2&name=%E6%96%A9%E6%9D%80&password=123456" [36mstatus_code[0m=404 [36mæ‰§è¡Œæ—¶é—´[0m=0s
[36mINFO[0m[2023-06-19 22:51:07]E:/æˆ‘çš„é¡¹ç›®/IMèŠå¤©/code/utils/logrus.go:88 code/utils.Logger.func1()                                               [36mreq_method[0m=POST [36mreq_uri[0m="/updateUser?id=2&name=%E6%96%A9%E6%9D%80&password=123456" [36mstatus_code[0m=200 [36mæ‰§è¡Œæ—¶é—´[0m=20.1227ms
[36mINFO[0m[2023-06-19 22:53:40]E:/æˆ‘çš„é¡¹ç›®/IMèŠå¤©/code/utils/logrus.go:88 code/utils.Logger.func1()                                               [36mreq_method[0m=POST [36mreq_uri[0m="/updateUser?id=2&name=%E6%96%A9%E6%9D%80&password=123456" [36mstatus_code[0m=200 [36mæ‰§è¡Œæ—¶é—´[0m=18.1342ms
[36mINFO[0m[2023-06-19 22:59:24]E:/æˆ‘çš„é¡¹ç›®/IMèŠå¤©/code/utils/logrus.go:88 code/utils.Logger.func1()                                               [36mreq_method[0m=POST [36mreq_uri[0m="/updateUser?id=2&name=%E6%96%A9%E6%9D%80&password=123456" [36mstatus_code[0m=200 [36mæ‰§è¡Œæ—¶é—´[0m=41.9644ms
[36mINFO[0m[2023-06-19 23:00:18]E:/æˆ‘çš„é¡¹ç›®/IMèŠå¤©/code/utils/logrus.go:88 code/utils.Logger.func1()                                               [36mreq_method[0m=POST [36mreq_uri[0m="/updateUser?id=2&name=%E6%96%A9%E6%9D%80&password=123456" [36mstatus_code[0m=200 [36mæ‰§è¡Œæ—¶é—´[0m=34.6961ms
[36mINFO[0m[2023-06-19 23:06:01]E:/æˆ‘çš„é¡¹ç›®/IMèŠå¤©/code/utils/logrus.go:88 code/utils.Logger.func1()                                               [36mreq_method[0m=POST [36mreq_uri[0m="/updateUser?id=2&name=%E6%96%A9%E6%9D%80&password=123456" [36mstatus_code[0m=200 [36mæ‰§è¡Œæ—¶é—´[0m=44.6407ms
[36mINFO[0m[2023-06-19 23:27:31]E:/æˆ‘çš„é¡¹ç›®/IMèŠå¤©/code/utils/logrus.go:88 code/utils.Logger.func1()                                               [36mreq_method[0m=POST [36mreq_uri[0m="/updateUser?id=2&name=%E6%96%A9%E6%9D%80&password=123456" [36mstatus_code[0m=200 [36mæ‰§è¡Œæ—¶é—´[0m=35.9227ms
[36mINFO[0m[2023-06-19 23:29:33]E:/æˆ‘çš„é¡¹ç›®/IMèŠå¤©/code/utils/logrus.go:88 code/utils.Logger.func1()                                               [36mreq_method[0m=POST [36mreq_uri[0m="/updateUser?id=2&name=%E6%96%A9%E6%9D%80&password=123456" [36mstatus_code[0m=200 [36mæ‰§è¡Œæ—¶é—´[0m=35.0015ms
[36mINFO[0m[2023-06-19 23:33:24]E:/æˆ‘çš„é¡¹ç›®/IMèŠå¤©/code/utils/logrus.go:88 code/utils.Logger.func1()                                               [36mreq_method[0m=POST [36mreq_uri[0m="/updateUser?id=2&name=%E6%96%A9%E6%9D%80&password=123456" [36mstatus_code[0m=200 [36mæ‰§è¡Œæ—¶é—´[0m=43.2429ms
[36mINFO[0m[2023-06-19 23:34:23]E:/æˆ‘çš„é¡¹ç›®/IMèŠå¤©/code/utils/logrus.go:88 code/utils.Logger.func1()                                               [36mreq_method[0m=POST [36mreq_uri[0m="/updateUser?id=2&name=%E6%96%A9%E6%9D%80&password=123456" [36mstatus_code[0m=200 [36mæ‰§è¡Œæ—¶é—´[0m=70.3834ms
[36mINFO[0m[2023-06-19 23:36:18]E:/æˆ‘çš„é¡¹ç›®/IMèŠå¤©/code/utils/logrus.go:88 code/utils.Logger.func1()                                               [36mreq_method[0m=POST [36mreq_uri[0m="/updateUser?id=2&name=%E6%96%A9%E6%9D%80&password=123456" [36mstatus_code[0m=200 [36mæ‰§è¡Œæ—¶é—´[0m=17.0988ms
[36mINFO[0m[2023-06-19 23:36:48]E:/æˆ‘çš„é¡¹ç›®/IMèŠå¤©/code/utils/logrus.go:88 code/utils.Logger.func1()                                               [36mreq_method[0m=POST [36mreq_uri[0m=/updateUser [36mstatus_code[0m=200 [36mæ‰§è¡Œæ—¶é—´[0m=17.2147ms
[36mINFO[0m[2023-06-19 23:37:29]E:/æˆ‘çš„é¡¹ç›®/IMèŠå¤©/code/utils/logrus.go:88 code/utils.Logger.func1()                                               [36mreq_method[0m=POST [36mreq_uri[0m=/updateUser [36mstatus_code[0m=200 [36mæ‰§è¡Œæ—¶é—´[0m=21.1492ms
[36mINFO[0m[2023-06-19 23:39:04]E:/æˆ‘çš„é¡¹ç›®/IMèŠå¤©/code/utils/logrus.go:88 code/utils.Logger.func1()                                               [36mreq_method[0m=POST [36mreq_uri[0m=/updateUser [36mstatus_code[0m=200 [36mæ‰§è¡Œæ—¶é—´[0m=83.9625ms
[36mINFO[0m[2023-06-20 21:50:54]E:/æˆ‘çš„é¡¹ç›®/IMèŠå¤©/code/utils/logrus.go:88 code/utils.Logger.func1()                                               [36mreq_method[0m=GET [36mreq_uri[0m=/updateInfo [36mstatus_code[0m=404 [36mæ‰§è¡Œæ—¶é—´[0m=0s
[36mINFO[0m[2023-06-20 21:52:24]E:/æˆ‘çš„é¡¹ç›®/IMèŠå¤©/code/utils/logrus.go:88 code/utils.Logger.func1()                                               [36mreq_method[0m=POST [36mreq_uri[0m=/updateInfo [36mstatus_code[0m=200 [36mæ‰§è¡Œæ—¶é—´[0m=94.2399ms
[36mINFO[0m[2023-06-20 21:55:40]E:/æˆ‘çš„é¡¹ç›®/IMèŠå¤©/code/utils/logrus.go:88 code/utils.Logger.func1()                                               [36mreq_method[0m=POST [36mreq_uri[0m=/updateInfo [36mstatus_code[0m=200 [36mæ‰§è¡Œæ—¶é—´[0m=96.0665ms
[36mINFO[0m[2023-06-20 21:55:58]E:/æˆ‘çš„é¡¹ç›®/IMèŠå¤©/code/utils/logrus.go:88 code/utils.Logger.func1()                                               [36mreq_method[0m=POST [36mreq_uri[0m=/updateInfo [36mstatus_code[0m=400 [36mæ‰§è¡Œæ—¶é—´[0m=0s
[36mINFO[0m[2023-06-20 21:56:08]E:/æˆ‘çš„é¡¹ç›®/IMèŠå¤©/code/utils/logrus.go:88 code/utils.Logger.func1()                                               [36mreq_method[0m=POST [36mreq_uri[0m=/updateInfo [36mstatus_code[0m=200 [36mæ‰§è¡Œæ—¶é—´[0m=53.8378ms
[36mINFO[0m[2023-06-20 22:00:27]E:/æˆ‘çš„é¡¹ç›®/IMèŠå¤©/code/utils/logrus.go:88 code/utils.Logger.func1()                                               [36mreq_method[0m=POST [36mreq_uri[0m=/updateInfo [36mstatus_code[0m=200 [36mæ‰§è¡Œæ—¶é—´[0m="198.4Âµs"
[36mINFO[0m[2023-06-20 22:03:48]E:/æˆ‘çš„é¡¹ç›®/IMèŠå¤©/code/utils/logrus.go:88 code/utils.Logger.func1()                                               [36mreq_method[0m=POST [36mreq_uri[0m=/updateInfo [36mstatus_code[0m=200 [36mæ‰§è¡Œæ—¶é—´[0m="187.2Âµs"
[36mINFO[0m[2023-06-20 22:03:52]E:/æˆ‘çš„é¡¹ç›®/IMèŠå¤©/code/utils/logrus.go:88 code/utils.Logger.func1()                                               [36mreq_method[0m=POST [36mreq_uri[0m=/updateInfo [36mstatus_code[0m=200 [36mæ‰§è¡Œæ—¶é—´[0m=0s
[36mINFO[0m[2023-06-20 22:05:47]E:/æˆ‘çš„é¡¹ç›®/IMèŠå¤©/code/utils/logrus.go:88 code/utils.Logger.func1()                                               [36mreq_method[0m=POST [36mreq_uri[0m=/updateInfo [36mstatus_code[0m=200 [36mæ‰§è¡Œæ—¶é—´[0m="259.5Âµs"
[36mINFO[0m[2023-06-20 22:06:37]E:/æˆ‘çš„é¡¹ç›®/IMèŠå¤©/code/utils/logrus.go:88 code/utils.Logger.func1()                                               [36mreq_method[0m=POST [36mreq_uri[0m=/updateInfo [36mstatus_code[0m=200 [36mæ‰§è¡Œæ—¶é—´[0m="243.5Âµs"
[36mINFO[0m[2023-06-20 22:06:51]E:/æˆ‘çš„é¡¹ç›®/IMèŠå¤©/code/utils/logrus.go:88 code/utils.Logger.func1()                                               [36mreq_method[0m=POST [36mreq_uri[0m=/updateInfo [36mstatus_code[0m=200 [36mæ‰§è¡Œæ—¶é—´[0m="404.4Âµs"
[36mINFO[0m[2023-06-20 22:07:50]E:/æˆ‘çš„é¡¹ç›®/IMèŠå¤©/code/utils/logrus.go:88 code/utils.Logger.func1()                                               [36mreq_method[0m=POST [36mreq_uri[0m=/updateInfo [36mstatus_code[0m=200 [36mæ‰§è¡Œæ—¶é—´[0m="512.4Âµs"
[36mINFO[0m[2023-06-20 22:08:22]E:/æˆ‘çš„é¡¹ç›®/IMèŠå¤©/code/utils/logrus.go:88 code/utils.Logger.func1()                                               [36mreq_method[0m=POST [36mreq_uri[0m=/updateInfo [36mstatus_code[0m=200 [36mæ‰§è¡Œæ—¶é—´[0m=1.44ms
[36mINFO[0m[2023-06-20 22:08:50]E:/æˆ‘çš„é¡¹ç›®/IMèŠå¤©/code/utils/logrus.go:88 code/utils.Logger.func1()                                               [36mreq_method[0m=POST [36mreq_uri[0m=/updateInfo [36mstatus_code[0m=200 [36mæ‰§è¡Œæ—¶é—´[0m=1.0602ms
[36mINFO[0m[2023-06-20 22:13:47]E:/æˆ‘çš„é¡¹ç›®/IMèŠå¤©/code/utils/logrus.go:88 code/utils.Logger.func1()                                               [36mreq_method[0m=POST [36mreq_uri[0m=/updateInfo [36mstatus_code[0m=200 [36mæ‰§è¡Œæ—¶é—´[0m="514.2Âµs"
[36mINFO[0m[2023-06-20 22:18:50]E:/æˆ‘çš„é¡¹ç›®/IMèŠå¤©/code/utils/logrus.go:88 code/utils.Logger.func1()                                               [36mreq_method[0m=POST [36mreq_uri[0m=/updateInfo [36mstatus_code[0m=200 [36mæ‰§è¡Œæ—¶é—´[0m="512.7Âµs"
[36mINFO[0m[2023-06-20 22:19:09]E:/æˆ‘çš„é¡¹ç›®/IMèŠå¤©/code/utils/logrus.go:88 code/utils.Logger.func1()                                               [36mreq_method[0m=POST [36mreq_uri[0m=/updateInfo [36mstatus_code[0m=200 [36mæ‰§è¡Œæ—¶é—´[0m="516.4Âµs"
[36mINFO[0m[2023-06-20 22:19:12]E:/æˆ‘çš„é¡¹ç›®/IMèŠå¤©/code/utils/logrus.go:88 code/utils.Logger.func1()                                               [36mreq_method[0m=POST [36mreq_uri[0m=/updateInfo [36mstatus_code[0m=200 [36mæ‰§è¡Œæ—¶é—´[0m="108.1Âµs"
[36mINFO[0m[2023-06-20 22:44:04]E:/æˆ‘çš„é¡¹ç›®/IMèŠå¤©/code/utils/logrus.go:88 code/utils.Logger.func1()                                               [36mreq_method[0m=POST [36mreq_uri[0m=/CreateUser [36mstatus_code[0m=404 [36mæ‰§è¡Œæ—¶é—´[0m=0s
[36mINFO[0m[2023-06-20 22:44:39]E:/æˆ‘çš„é¡¹ç›®/IMèŠå¤©/code/utils/logrus.go:88 code/utils.Logger.func1()                                               [36mreq_method[0m=POST [36mreq_uri[0m=/createUser [36mstatus_code[0m=200 [36mæ‰§è¡Œæ—¶é—´[0m=53.4116ms
